2025-10-31 07:14:31 DEBUG TestNG:82 - suiteXmlPath: "C:\Users\ali mohammed  qisara\Documents\Formation\Selenium_Java_Project\OpenCart_V1\master.xml"
2025-10-31 07:14:32 INFO  Utils:112 - [TestNG] Running:
  C:\Users\ali mohammed  qisara\Documents\Formation\Selenium_Java_Project\OpenCart_V1\master.xml

2025-10-31 07:14:38 INFO  TC_1_AccountRegistrationTest:14 - **** Starting TC_1_AccountRegistrationTest ****
2025-10-31 07:14:39 INFO  TC_1_AccountRegistrationTest:20 - Clicked on MyAccount link ...
2025-10-31 07:14:39 INFO  TC_1_AccountRegistrationTest:22 - Clicked on Register link ...
2025-10-31 07:14:39 INFO  TC_1_AccountRegistrationTest:25 - Providing Customer details ...
2025-10-31 07:14:40 INFO  TC_1_AccountRegistrationTest:39 - Validating expected message ...
2025-10-31 07:14:41 INFO  TC_1_AccountRegistrationTest:42 - Test Passed !!!
2025-10-31 07:14:41 INFO  TC_1_AccountRegistrationTest:60 - **** Finished TC_1_AccountRegistrationTest ****
2025-10-31 07:15:12 DEBUG TestNG:82 - suiteXmlPath: "C:\Users\ali mohammed  qisara\Documents\Formation\Selenium_Java_Project\OpenCart_V1\master.xml"
2025-10-31 07:15:13 INFO  Utils:112 - [TestNG] Running:
  C:\Users\ali mohammed  qisara\Documents\Formation\Selenium_Java_Project\OpenCart_V1\master.xml

2025-10-31 07:16:15 DEBUG TestNG:82 - suiteXmlPath: "C:\Users\ali mohammed  qisara\Documents\Formation\Selenium_Java_Project\OpenCart_V1\master.xml"
2025-10-31 07:16:15 INFO  Utils:112 - [TestNG] Running:
  C:\Users\ali mohammed  qisara\Documents\Formation\Selenium_Java_Project\OpenCart_V1\master.xml

2025-10-31 07:17:08 DEBUG TestNG:82 - suiteXmlPath: "C:\Users\ali mohammed  qisara\Documents\Formation\Selenium_Java_Project\OpenCart_V1\master.xml"
2025-10-31 07:17:09 INFO  Utils:112 - [TestNG] Running:
  C:\Users\ali mohammed  qisara\Documents\Formation\Selenium_Java_Project\OpenCart_V1\master.xml

2025-10-31 07:18:05 DEBUG TestNG:82 - suiteXmlPath: "C:\Users\ali mohammed  qisara\Documents\Formation\Selenium_Java_Project\OpenCart_V1\master.xml"
2025-10-31 07:18:05 INFO  Utils:112 - [TestNG] Running:
  C:\Users\ali mohammed  qisara\Documents\Formation\Selenium_Java_Project\OpenCart_V1\master.xml

2025-10-31 07:18:11 INFO  TC_1_AccountRegistrationTest:14 - **** Starting TC_1_AccountRegistrationTest ****
2025-10-31 07:18:11 INFO  TC_1_AccountRegistrationTest:20 - Clicked on MyAccount link ...
2025-10-31 07:18:12 INFO  TC_1_AccountRegistrationTest:22 - Clicked on Register link ...
2025-10-31 07:18:12 INFO  TC_1_AccountRegistrationTest:25 - Providing Customer details ...
2025-10-31 07:18:13 INFO  TC_1_AccountRegistrationTest:39 - Validating expected message ...
2025-10-31 07:18:13 INFO  TC_1_AccountRegistrationTest:42 - Test Passed !!!
2025-10-31 07:18:13 INFO  TC_1_AccountRegistrationTest:60 - **** Finished TC_1_AccountRegistrationTest ****
2025-10-31 07:18:52 DEBUG TestNG:82 - suiteXmlPath: "C:\Users\ali mohammed  qisara\Documents\Formation\Selenium_Java_Project\OpenCart_V1\master.xml"
2025-10-31 07:18:52 INFO  Utils:112 - [TestNG] Running:
  C:\Users\ali mohammed  qisara\Documents\Formation\Selenium_Java_Project\OpenCart_V1\master.xml

2025-10-31 07:19:16 DEBUG TestNG:82 - suiteXmlPath: "C:\Users\ali mohammed  qisara\Documents\Formation\Selenium_Java_Project\OpenCart_V1\master.xml"
2025-10-31 07:19:17 INFO  Utils:112 - [TestNG] Running:
  C:\Users\ali mohammed  qisara\Documents\Formation\Selenium_Java_Project\OpenCart_V1\master.xml

2025-10-31 07:22:07 DEBUG TestNG:82 - suiteXmlPath: "C:\Users\ali mohammed  qisara\Documents\Formation\Selenium_Java_Project\OpenCart_V1\master.xml"
2025-10-31 07:22:07 INFO  Utils:112 - [TestNG] Running:
  C:\Users\ali mohammed  qisara\Documents\Formation\Selenium_Java_Project\OpenCart_V1\master.xml

2025-10-31 07:22:36 DEBUG TestNG:82 - suiteXmlPath: "C:\Users\ali mohammed  qisara\Documents\Formation\Selenium_Java_Project\OpenCart_V1\master.xml"
2025-10-31 07:22:37 INFO  Utils:112 - [TestNG] Running:
  C:\Users\ali mohammed  qisara\Documents\Formation\Selenium_Java_Project\OpenCart_V1\master.xml

2025-10-31 07:26:13 DEBUG TestNG:82 - suiteXmlPath: "C:\Users\ali mohammed  qisara\Documents\Formation\Selenium_Java_Project\OpenCart_V1\master.xml"
2025-10-31 07:26:14 INFO  Utils:112 - [TestNG] Running:
  C:\Users\ali mohammed  qisara\Documents\Formation\Selenium_Java_Project\OpenCart_V1\master.xml

2025-10-31 07:39:03 DEBUG TestNG:82 - suiteXmlPath: "C:\Users\ali mohammed  qisara\Documents\Formation\Selenium_Java_Project\OpenCart_V1\master.xml"
2025-10-31 07:39:03 INFO  Utils:112 - [TestNG] Running:
  C:\Users\ali mohammed  qisara\Documents\Formation\Selenium_Java_Project\OpenCart_V1\master.xml

2025-10-31 07:39:51 DEBUG TestNG:82 - suiteXmlPath: "C:\Users\ali mohammed  qisara\Documents\Formation\Selenium_Java_Project\OpenCart_V1\master.xml"
2025-10-31 07:39:51 INFO  Utils:112 - [TestNG] Running:
  C:\Users\ali mohammed  qisara\Documents\Formation\Selenium_Java_Project\OpenCart_V1\master.xml

2025-10-31 07:40:22 DEBUG TestNG:82 - suiteXmlPath: "C:\Users\ali mohammed  qisara\Documents\Formation\Selenium_Java_Project\OpenCart_V1\master.xml"
2025-10-31 07:40:22 INFO  Utils:112 - [TestNG] Running:
  C:\Users\ali mohammed  qisara\Documents\Formation\Selenium_Java_Project\OpenCart_V1\master.xml

2025-10-31 07:40:27 INFO  TC_1_AccountRegistrationTest:14 - **** Starting TC_1_AccountRegistrationTest ****
2025-10-31 07:40:28 INFO  TC_1_AccountRegistrationTest:20 - Clicked on MyAccount link ...
2025-10-31 07:40:28 INFO  TC_1_AccountRegistrationTest:22 - Clicked on Register link ...
2025-10-31 07:40:28 INFO  TC_1_AccountRegistrationTest:25 - Providing Customer details ...
2025-10-31 07:40:30 INFO  TC_1_AccountRegistrationTest:39 - Validating expected message ...
2025-10-31 07:40:30 INFO  TC_1_AccountRegistrationTest:42 - Test Passed !!!
2025-10-31 07:40:30 INFO  TC_1_AccountRegistrationTest:60 - **** Finished TC_1_AccountRegistrationTest ****
2025-10-31 07:42:18 DEBUG TestNG:82 - suiteXmlPath: "C:\Users\ali mohammed  qisara\Documents\Formation\Selenium_Java_Project\OpenCart_V1\master.xml"
2025-10-31 07:42:19 INFO  Utils:112 - [TestNG] Running:
  C:\Users\ali mohammed  qisara\Documents\Formation\Selenium_Java_Project\OpenCart_V1\master.xml

2025-10-31 07:42:22 INFO  TC_1_AccountRegistrationTest:14 - **** Starting TC_1_AccountRegistrationTest ****
2025-10-31 07:42:22 INFO  TC_1_AccountRegistrationTest:20 - Clicked on MyAccount link ...
2025-10-31 07:42:23 INFO  TC_1_AccountRegistrationTest:22 - Clicked on Register link ...
2025-10-31 07:42:23 INFO  TC_1_AccountRegistrationTest:25 - Providing Customer details ...
2025-10-31 07:42:24 INFO  TC_1_AccountRegistrationTest:39 - Validating expected message ...
2025-10-31 07:42:24 INFO  TC_1_AccountRegistrationTest:42 - Test Passed !!!
2025-10-31 07:42:24 INFO  TC_1_AccountRegistrationTest:60 - **** Finished TC_1_AccountRegistrationTest ****
2025-10-31 07:43:41 DEBUG TestNG:82 - suiteXmlPath: "C:\Users\ali mohammed  qisara\Documents\Formation\Selenium_Java_Project\OpenCart_V1\master.xml"
2025-10-31 07:43:42 INFO  Utils:112 - [TestNG] Running:
  C:\Users\ali mohammed  qisara\Documents\Formation\Selenium_Java_Project\OpenCart_V1\master.xml

2025-10-31 07:43:45 INFO  TC_1_AccountRegistrationTest:14 - **** Starting TC_1_AccountRegistrationTest ****
2025-10-31 07:43:45 INFO  TC_1_AccountRegistrationTest:20 - Clicked on MyAccount link ...
2025-10-31 07:43:45 INFO  TC_1_AccountRegistrationTest:22 - Clicked on Register link ...
2025-10-31 07:43:45 INFO  TC_1_AccountRegistrationTest:25 - Providing Customer details ...
2025-10-31 07:43:46 INFO  TC_1_AccountRegistrationTest:39 - Validating expected message ...
2025-10-31 07:43:47 INFO  TC_1_AccountRegistrationTest:42 - Test Passed !!!
2025-10-31 07:43:47 INFO  TC_1_AccountRegistrationTest:60 - **** Finished TC_1_AccountRegistrationTest ****
2025-10-31 08:08:56 DEBUG TestNG:82 - suiteXmlPath: "C:\Users\ali mohammed  qisara\Documents\Formation\Selenium_Java_Project\OpenCart_V1\master.xml"
2025-10-31 08:08:57 INFO  Utils:112 - [TestNG] Running:
  C:\Users\ali mohammed  qisara\Documents\Formation\Selenium_Java_Project\OpenCart_V1\master.xml

2025-10-31 08:09:05 INFO  TC_1_AccountRegistrationTest:14 - **** Starting TC_1_AccountRegistrationTest ****
2025-10-31 08:09:05 INFO  TC_1_AccountRegistrationTest:20 - Clicked on MyAccount link ...
2025-10-31 08:09:06 INFO  TC_1_AccountRegistrationTest:22 - Clicked on Register link ...
2025-10-31 08:09:06 INFO  TC_1_AccountRegistrationTest:25 - Providing Customer details ...
2025-10-31 08:09:08 INFO  TC_1_AccountRegistrationTest:39 - Validating expected message ...
2025-10-31 08:09:08 INFO  TC_1_AccountRegistrationTest:42 - Test Passed !!!
2025-10-31 08:09:08 INFO  TC_1_AccountRegistrationTest:60 - **** Finished TC_1_AccountRegistrationTest ****
2025-10-31 08:09:25 DEBUG TestNG:82 - suiteXmlPath: "C:\Users\ali mohammed  qisara\Documents\Formation\Selenium_Java_Project\OpenCart_V1\master.xml"
2025-10-31 08:09:26 INFO  Utils:112 - [TestNG] Running:
  C:\Users\ali mohammed  qisara\Documents\Formation\Selenium_Java_Project\OpenCart_V1\master.xml

2025-10-31 08:10:15 DEBUG TestNG:82 - suiteXmlPath: "C:\Users\ali mohammed  qisara\Documents\Formation\Selenium_Java_Project\OpenCart_V1\master.xml"
2025-10-31 08:10:15 INFO  Utils:112 - [TestNG] Running:
  C:\Users\ali mohammed  qisara\Documents\Formation\Selenium_Java_Project\OpenCart_V1\master.xml

2025-10-31 08:10:27 INFO  TC_1_AccountRegistrationTest:14 - **** Starting TC_1_AccountRegistrationTest ****
2025-10-31 08:10:28 INFO  TC_1_AccountRegistrationTest:20 - Clicked on MyAccount link ...
2025-10-31 08:10:29 INFO  TC_1_AccountRegistrationTest:22 - Clicked on Register link ...
2025-10-31 08:10:29 INFO  TC_1_AccountRegistrationTest:25 - Providing Customer details ...
2025-10-31 08:10:31 INFO  TC_1_AccountRegistrationTest:39 - Validating expected message ...
2025-10-31 08:10:31 INFO  TC_1_AccountRegistrationTest:42 - Test Passed !!!
2025-10-31 08:10:31 INFO  TC_1_AccountRegistrationTest:60 - **** Finished TC_1_AccountRegistrationTest ****
2025-10-31 08:10:48 DEBUG TestNG:82 - suiteXmlPath: "C:\Users\ali mohammed  qisara\Documents\Formation\Selenium_Java_Project\OpenCart_V1\master.xml"
2025-10-31 08:10:48 INFO  Utils:112 - [TestNG] Running:
  C:\Users\ali mohammed  qisara\Documents\Formation\Selenium_Java_Project\OpenCart_V1\master.xml

2025-10-31 08:11:06 DEBUG TestNG:82 - suiteXmlPath: "C:\Users\ali mohammed  qisara\Documents\Formation\Selenium_Java_Project\OpenCart_V1\master.xml"
2025-10-31 08:11:07 INFO  Utils:112 - [TestNG] Running:
  C:\Users\ali mohammed  qisara\Documents\Formation\Selenium_Java_Project\OpenCart_V1\master.xml

2025-10-31 08:16:40 DEBUG TestNG:82 - suiteXmlPath: "C:\Users\ali mohammed  qisara\Documents\Formation\Selenium_Java_Project\OpenCart_V1\master.xml"
2025-10-31 08:16:40 INFO  Utils:112 - [TestNG] Running:
  C:\Users\ali mohammed  qisara\Documents\Formation\Selenium_Java_Project\OpenCart_V1\master.xml

2025-10-31 08:16:49 INFO  TC_1_AccountRegistrationTest:14 - **** Starting TC_1_AccountRegistrationTest ****
2025-10-31 08:16:50 INFO  TC_1_AccountRegistrationTest:20 - Clicked on MyAccount link ...
2025-10-31 08:16:51 INFO  TC_1_AccountRegistrationTest:22 - Clicked on Register link ...
2025-10-31 08:16:51 INFO  TC_1_AccountRegistrationTest:25 - Providing Customer details ...
2025-10-31 08:16:53 INFO  TC_1_AccountRegistrationTest:39 - Validating expected message ...
2025-10-31 08:16:53 INFO  TC_1_AccountRegistrationTest:42 - Test Passed !!!
2025-10-31 08:16:53 INFO  TC_1_AccountRegistrationTest:60 - **** Finished TC_1_AccountRegistrationTest ****
2025-10-31 08:17:50 DEBUG TestNG:82 - suiteXmlPath: "C:\Users\ali mohammed  qisara\Documents\Formation\Selenium_Java_Project\OpenCart_V1\master.xml"
2025-10-31 08:17:51 INFO  Utils:112 - [TestNG] Running:
  C:\Users\ali mohammed  qisara\Documents\Formation\Selenium_Java_Project\OpenCart_V1\master.xml

2025-10-31 08:17:59 INFO  TC_1_AccountRegistrationTest:14 - **** Starting TC_1_AccountRegistrationTest ****
2025-10-31 08:18:00 INFO  TC_1_AccountRegistrationTest:20 - Clicked on MyAccount link ...
2025-10-31 08:18:01 INFO  TC_1_AccountRegistrationTest:22 - Clicked on Register link ...
2025-10-31 08:18:01 INFO  TC_1_AccountRegistrationTest:25 - Providing Customer details ...
2025-10-31 08:18:03 INFO  TC_1_AccountRegistrationTest:39 - Validating expected message ...
2025-10-31 08:18:03 INFO  TC_1_AccountRegistrationTest:42 - Test Passed !!!
2025-10-31 08:18:03 INFO  TC_1_AccountRegistrationTest:60 - **** Finished TC_1_AccountRegistrationTest ****
2025-10-31 08:19:13 DEBUG TestNG:82 - suiteXmlPath: "C:\Users\ali mohammed  qisara\Documents\Formation\Selenium_Java_Project\OpenCart_V1\master.xml"
2025-10-31 08:19:14 INFO  Utils:112 - [TestNG] Running:
  C:\Users\ali mohammed  qisara\Documents\Formation\Selenium_Java_Project\OpenCart_V1\master.xml

2025-10-31 08:19:22 INFO  TC_1_AccountRegistrationTest:14 - **** Starting TC_1_AccountRegistrationTest ****
2025-10-31 08:19:22 INFO  TC_1_AccountRegistrationTest:20 - Clicked on MyAccount link ...
2025-10-31 08:19:24 INFO  TC_1_AccountRegistrationTest:22 - Clicked on Register link ...
2025-10-31 08:19:24 INFO  TC_1_AccountRegistrationTest:25 - Providing Customer details ...
2025-10-31 08:19:26 INFO  TC_1_AccountRegistrationTest:39 - Validating expected message ...
2025-10-31 08:19:26 INFO  TC_1_AccountRegistrationTest:42 - Test Passed !!!
2025-10-31 08:19:26 INFO  TC_1_AccountRegistrationTest:60 - **** Finished TC_1_AccountRegistrationTest ****
